<?xml version="1.0" encoding="UTF-8"?>
<!-- Generated by org.testng.reporters.JUnitXMLReporter -->
<testsuite hostname="HMECL002775" ignored="0" name="Default test" tests="5" failures="0" timestamp="2020-04-28T15:01:59 IST" time="0.052" errors="0">
  <testcase name="DIV" time="0.009" classname="Calculator.Calc"/>
  <testcase name="Mul" time="0.001" classname="Calculator.Calc"/>
  <testcase name="Percentage" time="0.002" classname="Calculator.Calc"/>
  <testcase name="Sub" time="0.001" classname="Calculator.Calc"/>
  <testcase name="add" time="0.001" classname="Calculator.Calc"/>
</testsuite> <!-- Default test -->
