<?xml version="1.0" encoding="UTF-8"?>
<!-- Generated by org.testng.reporters.JUnitXMLReporter -->
<testsuite hostname="HMECL002775" ignored="4" name="include" tests="4" failures="0" timestamp="2020-04-19T14:43:39 IST" time="0.016" errors="0">
  <testcase name="includeTest" time="0.003" classname="Functions.IncludeTest"/>
  <testcase name="includeTest2" time="0.001" classname="Functions.IncludeTest"/>
  <testcase name="includeTest3" time="0.001" classname="Functions.IncludeTest"/>
  <testcase name="includeTest4" time="0.001" classname="Functions.IncludeTest"/>
  <testcase name="excludeTest" time="0.0" classname="Functions.IncludeTest">
    <ignored/>
  </testcase> <!-- excludeTest -->
  <testcase name="excludeTest2" time="0.0" classname="Functions.IncludeTest">
    <ignored/>
  </testcase> <!-- excludeTest2 -->
  <testcase name="excludeTest3" time="0.0" classname="Functions.IncludeTest">
    <ignored/>
  </testcase> <!-- excludeTest3 -->
  <testcase name="excludeTest4" time="0.0" classname="Functions.IncludeTest">
    <ignored/>
  </testcase> <!-- excludeTest4 -->
</testsuite> <!-- include -->
