<?xml version="1.0" encoding="UTF-8"?>
<!-- Generated by org.testng.reporters.JUnitXMLReporter -->
<testsuite hostname="HMECL002775" ignored="0" name="regression" tests="7" failures="0" timestamp="2020-04-20T13:49:00 IST" time="0.048" errors="0">
  <testcase name="day1" time="0.008" classname="groups.day1"/>
  <testcase name="day2" time="0.001" classname="groups.day1"/>
  <testcase name="day3" time="0.0" classname="groups.day1"/>
  <testcase name="day4" time="0.001" classname="groups.day1"/>
  <testcase name="day5" time="0.001" classname="groups.day1"/>
  <testcase name="day6" time="0.0" classname="groups.day1"/>
  <testcase name="day7" time="0.001" classname="groups.day1"/>
</testsuite> <!-- regression -->
