<?xml version="1.0" encoding="UTF-8"?>
<!-- Generated by org.testng.reporters.JUnitXMLReporter -->
<testsuite hostname="HMECL002775" ignored="5" name="regression" tests="2" failures="0" timestamp="2020-04-20T14:20:59 IST" time="0.04" errors="0">
  <testcase name="day3" time="0.009" classname="groups.day1"/>
  <testcase name="day6" time="0.0" classname="groups.day1"/>
  <testcase name="day5" time="0.0" classname="groups.day1">
    <ignored/>
  </testcase> <!-- day5 -->
  <testcase name="day7" time="0.0" classname="groups.day1">
    <ignored/>
  </testcase> <!-- day7 -->
  <testcase name="day2" time="0.0" classname="groups.day1">
    <ignored/>
  </testcase> <!-- day2 -->
  <testcase name="day1" time="0.0" classname="groups.day1">
    <ignored/>
  </testcase> <!-- day1 -->
  <testcase name="day4" time="0.0" classname="groups.day1">
    <ignored/>
  </testcase> <!-- day4 -->
</testsuite> <!-- regression -->
